[0.041s] Invoking command in '/home/ppeksa/rosDetect/build/object_detection': CMAKE_PREFIX_PATH=/opt/ros/humble /usr/bin/cmake /home/ppeksa/rosDetect/src/object_detection -DCMAKE_INSTALL_PREFIX=/home/ppeksa/rosDetect/install/object_detection
[0.294s] -- The C compiler identification is GNU 11.4.0
[0.630s] -- The CXX compiler identification is GNU 11.4.0
[0.857s] -- Detecting C compiler ABI info
[0.976s] -- Detecting C compiler ABI info - done
[0.981s] -- Check for working C compiler: /usr/bin/cc - skipped
[0.982s] -- Detecting C compile features
[0.983s] -- Detecting C compile features - done
[0.987s] -- Detecting CXX compiler ABI info
[1.117s] -- Detecting CXX compiler ABI info - done
[1.123s] -- Check for working CXX compiler: /usr/bin/c++ - skipped
[1.123s] -- Detecting CXX compile features
[1.123s] -- Detecting CXX compile features - done
[1.139s] -- Found ament_cmake: 1.3.5 (/opt/ros/humble/share/ament_cmake/cmake)
[1.272s] -- Found Python3: /usr/bin/python3.10 (found version "3.10.12") found components: Interpreter 
[1.358s] -- Found ament_lint_auto: 0.12.8 (/opt/ros/humble/share/ament_lint_auto/cmake)
[1.419s] -- Added test 'flake8' to check Python code syntax and style conventions
[1.419s] -- Added test 'lint_cmake' to check CMake code style
[1.420s] -- Added test 'pep257' to check Python code against some of the docstring style conventions in PEP 257
[1.422s] -- Added test 'xmllint' to check XML markup files
[1.424s] -- Configuring done
[1.427s] -- Generating done
[1.428s] -- Build files have been written to: /home/ppeksa/rosDetect/build/object_detection
[1.432s] Invoked command in '/home/ppeksa/rosDetect/build/object_detection' returned '0': CMAKE_PREFIX_PATH=/opt/ros/humble /usr/bin/cmake /home/ppeksa/rosDetect/src/object_detection -DCMAKE_INSTALL_PREFIX=/home/ppeksa/rosDetect/install/object_detection
[1.433s] Invoking command in '/home/ppeksa/rosDetect/build/object_detection': CMAKE_PREFIX_PATH=/opt/ros/humble /usr/bin/cmake --build /home/ppeksa/rosDetect/build/object_detection -- -j12 -l12
[1.457s] Invoked command in '/home/ppeksa/rosDetect/build/object_detection' returned '0': CMAKE_PREFIX_PATH=/opt/ros/humble /usr/bin/cmake --build /home/ppeksa/rosDetect/build/object_detection -- -j12 -l12
[1.474s] Invoking command in '/home/ppeksa/rosDetect/build/object_detection': CMAKE_PREFIX_PATH=/opt/ros/humble /usr/bin/cmake --install /home/ppeksa/rosDetect/build/object_detection
[1.479s] -- Install configuration: ""
[1.480s] -- Installing: /home/ppeksa/rosDetect/install/object_detection/share/ament_index/resource_index/package_run_dependencies/object_detection
[1.480s] -- Installing: /home/ppeksa/rosDetect/install/object_detection/share/ament_index/resource_index/parent_prefix_path/object_detection
[1.480s] -- Installing: /home/ppeksa/rosDetect/install/object_detection/share/object_detection/environment/ament_prefix_path.sh
[1.480s] -- Installing: /home/ppeksa/rosDetect/install/object_detection/share/object_detection/environment/ament_prefix_path.dsv
[1.481s] -- Installing: /home/ppeksa/rosDetect/install/object_detection/share/object_detection/environment/path.sh
[1.481s] -- Installing: /home/ppeksa/rosDetect/install/object_detection/share/object_detection/environment/path.dsv
[1.481s] -- Installing: /home/ppeksa/rosDetect/install/object_detection/share/object_detection/local_setup.bash
[1.481s] -- Installing: /home/ppeksa/rosDetect/install/object_detection/share/object_detection/local_setup.sh
[1.481s] -- Installing: /home/ppeksa/rosDetect/install/object_detection/share/object_detection/local_setup.zsh
[1.481s] -- Installing: /home/ppeksa/rosDetect/install/object_detection/share/object_detection/local_setup.dsv
[1.481s] -- Installing: /home/ppeksa/rosDetect/install/object_detection/share/object_detection/package.dsv
[1.481s] -- Installing: /home/ppeksa/rosDetect/install/object_detection/share/ament_index/resource_index/packages/object_detection
[1.481s] -- Installing: /home/ppeksa/rosDetect/install/object_detection/share/object_detection/cmake/object_detectionConfig.cmake
[1.482s] -- Installing: /home/ppeksa/rosDetect/install/object_detection/share/object_detection/cmake/object_detectionConfig-version.cmake
[1.482s] -- Installing: /home/ppeksa/rosDetect/install/object_detection/share/object_detection/package.xml
[1.483s] Invoked command in '/home/ppeksa/rosDetect/build/object_detection' returned '0': CMAKE_PREFIX_PATH=/opt/ros/humble /usr/bin/cmake --install /home/ppeksa/rosDetect/build/object_detection
